<?xml version="1.0" encoding="UTF-8"?>
<!-- Generated by org.testng.reporters.JUnitReportReporter -->
<testsuite hostname="LAPTOP-0PK1MFJQ" failures="0" tests="1" name="test.Script1" time="0.007" errors="0" timestamp="2024-03-23T18:59:40 EDT" skipped="0">
  <testcase classname="test.Script1" name="test" time="0.007"/>
</testsuite> <!-- test.Script1 -->
