<?xml version="1.0" encoding="UTF-8"?>
<!-- Generated by org.testng.reporters.JUnitReportReporter -->
<testsuite hostname="LAPTOP-0PK1MFJQ" failures="0" tests="1" name="test.Script2" time="0.002" errors="0" timestamp="2024-03-21T16:47:31 EDT" skipped="0">
  <testcase classname="test.Script2" name="test" time="0.002"/>
</testsuite> <!-- test.Script2 -->
