<?xml version="1.0" encoding="UTF-8"?>
<!-- Generated by org.testng.reporters.JUnitReportReporter -->
<testsuite hostname="LAPTOP-0PK1MFJQ" failures="0" tests="1" name="test.Script3" time="0.000" errors="0" timestamp="2024-03-21T20:05:50 EDT" skipped="0">
  <testcase classname="test.Script3" name="test" time="0.000"/>
</testsuite> <!-- test.Script3 -->
